SCRIPT  /home/joao/.local/share/nvim/lazy/blink.cmp/plugin/blink-cmp.lua
Sourced 1 time
Total time:   0.005003
 Self time:   0.005003

count  total (s)   self (s)
                            if vim.fn.has('nvim-0.11') == 1 and vim.lsp.config then
                              local user_caps = vim.lsp.config['*'] and vim.lsp.config['*'].capabilities
                            
                              vim.lsp.config('*', {
                                capabilities = require('blink.cmp').get_lsp_capabilities(user_caps),
                              })
                            end
                            
                            -- Commands
                            local subcommands = {
                              status = function() vim.cmd('checkhealth blink.cmp') end,
                              build = function() require('blink.cmp.fuzzy.build').build() end,
                              ['build-log'] = function() require('blink.cmp.fuzzy.build').build_log() end,
                            }
                            vim.api.nvim_create_user_command('BlinkCmp', function(cmd)
                              local subcmd_name = cmd.fargs[1]
                              local subcmd = subcommands[subcmd_name]
                            
                              if subcmd then
                                subcmd()
                              else
                                vim.notify("[blink.cmp] invalid subcommand '" .. tostring(subcmd_name) .. "'", vim.log.levels.ERROR)
                              end
                            end, { nargs = 1, complete = function() return vim.tbl_keys(subcommands) end, desc = 'blink.cmp' })

SCRIPT  /home/joao/.local/share/nvim/lazy/conform.nvim/plugin/conform.lua
Sourced 1 time
Total time:   0.000084
 Self time:   0.000084

count  total (s)   self (s)
                            vim.api.nvim_create_user_command("ConformInfo", function()
                              require("conform.health").show_window()
                            end, { desc = "Show information about Conform formatters" })

SCRIPT  /nix/store/a96v7ma6k0fwzmrrqn1fqb8flyddakj4-neovim-unwrapped-0.12.3/share/nvim/runtime/ftplugin/rust.vim
Sourced 2 times
Total time:   0.055548
 Self time:   0.051898

count  total (s)   self (s)
                            " Language:	Rust
                            " Description:	Vim ftplugin for Rust
                            " Maintainer:	Chris Morgan <me@chrismorgan.info>
                            " Last Change:	2024 Mar 17
                            "		2024 May 23 by Riley Bruins <ribru17@gmail.com ('commentstring')
                            "		2025 Dec 09 update 'textwidth# to 100 #18892
                            " For bugs, patches and license go to https://github.com/rust-lang/rust.vim
                            
    2              0.000022 if exists("b:did_ftplugin")
                                finish
    2              0.000001 endif
    2              0.000007 let b:did_ftplugin = 1
                            
                            " vint: -ProhibitAbbreviationOption
    2              0.000009 let s:save_cpo = &cpo
    2              0.000021 set cpo&vim
                            " vint: +ProhibitAbbreviationOption
                            
    2              0.000030 if get(b:, 'current_compiler', '') ==# ''
    2              0.038403     if strlen(findfile('Cargo.toml', '.;')) > 0
    2   0.013629   0.009978         compiler cargo
                                else
                                    compiler rustc
    2              0.000014     endif
    2              0.000001 endif
                            
                            " Variables {{{1
                            
                            " The rust source code at present seems to typically omit a leader on /*!
                            " comments, so we'll use that as our default, but make it easy to switch.
                            " This does not affect indentation at all (I tested it with and without
                            " leader), merely whether a leader is inserted by default or not.
    2              0.000006 if get(g:, 'rust_bang_comment_leader', 0)
                                " Why is the `,s0:/*,mb:\ ,ex:*/` there, you ask? I don't understand why,
                                " but without it, */ gets indented one space even if there were no
                                " leaders. I'm fairly sure that's a Vim bug.
                                setlocal comments=s1:/*,mb:*,ex:*/,s0:/*,mb:\ ,ex:*/,:///,://!,://
    2              0.000001 else
    2              0.000012     setlocal comments=s0:/*!,ex:*/,s1:/*,mb:*,ex:*/,:///,://!,://
    2              0.000001 endif
    2              0.000005 setlocal commentstring=//\ %s
    2              0.000011 setlocal formatoptions-=t formatoptions+=croqnl
                            " j was only added in 7.3.541, so stop complaints about its nonexistence
    2              0.000004 silent! setlocal formatoptions+=j
                            
                            " smartindent will be overridden by indentexpr if filetype indent is on, but
                            " otherwise it's better than nothing.
    2              0.000007 setlocal smartindent nocindent
                            
    2              0.000004 if get(g:, 'rust_recommended_style', 1)
    2              0.000003     let b:rust_set_style = 1
    2              0.000012     setlocal shiftwidth=4 softtabstop=4 expandtab
    2              0.000006     setlocal textwidth=100
    2              0.000001 endif
                            
    2              0.000007 setlocal include=\\v^\\s*(pub\\s+)?use\\s+\\zs(\\f\|:)+
    2              0.000004 setlocal includeexpr=rust#IncludeExpr(v:fname)
                            
    2              0.000005 setlocal suffixesadd=.rs
                            
    2              0.000004 if exists("g:ftplugin_rust_source_path")
                                let &l:path=g:ftplugin_rust_source_path . ',' . &l:path
    2              0.000001 endif
                            
    2              0.000003 if exists("g:loaded_delimitMate")
                                if exists("b:delimitMate_excluded_regions")
                                    let b:rust_original_delimitMate_excluded_regions = b:delimitMate_excluded_regions
                                endif
                            
                                augroup rust.vim.DelimitMate
                                    autocmd!
                            
                                    autocmd User delimitMate_map   :call rust#delimitmate#onMap()
                                    autocmd User delimitMate_unmap :call rust#delimitmate#onUnmap()
                                augroup END
    2              0.000001 endif
                            
                            " Integration with auto-pairs (https://github.com/jiangmiao/auto-pairs)
    2              0.000004 if exists("g:AutoPairsLoaded") && !get(g:, 'rust_keep_autopairs_default', 0)
                                let b:AutoPairs = {'(':')', '[':']', '{':'}','"':'"', '`':'`'}
    2              0.000001 endif
                            
    2              0.000006 if has("folding") && get(g:, 'rust_fold', 0)
                                let b:rust_set_foldmethod=1
                                setlocal foldmethod=syntax
                                if g:rust_fold == 2
                                    setlocal foldlevel<
                                else
                                    setlocal foldlevel=99
                                endif
    2              0.000001 endif
                            
    2              0.000004 if has('conceal') && get(g:, 'rust_conceal', 0)
                                let b:rust_set_conceallevel=1
                                setlocal conceallevel=2
    2              0.000001 endif
                            
                            " Motion Commands {{{1
    2              0.000005 if !exists("g:no_plugin_maps") && !exists("g:no_rust_maps")
                                " Bind motion commands to support hanging indents
    2              0.000014     nnoremap <silent> <buffer> [[ :call rust#Jump('n', 'Back')<CR>
    2              0.000005     nnoremap <silent> <buffer> ]] :call rust#Jump('n', 'Forward')<CR>
    2              0.000006     xnoremap <silent> <buffer> [[ :call rust#Jump('v', 'Back')<CR>
    2              0.000004     xnoremap <silent> <buffer> ]] :call rust#Jump('v', 'Forward')<CR>
    2              0.000005     onoremap <silent> <buffer> [[ :call rust#Jump('o', 'Back')<CR>
    2              0.000004     onoremap <silent> <buffer> ]] :call rust#Jump('o', 'Forward')<CR>
    2              0.000001 endif
                            
                            " Commands {{{1
                            
                            " See |:RustRun| for docs
    2              0.000008 command! -nargs=* -complete=file -bang -buffer RustRun call rust#Run(<bang>0, <q-args>)
                            
                            " See |:RustExpand| for docs
    2              0.000007 command! -nargs=* -complete=customlist,rust#CompleteExpand -bang -buffer RustExpand call rust#Expand(<bang>0, <q-args>)
                            
                            " See |:RustEmitIr| for docs
    2              0.000004 command! -nargs=* -buffer RustEmitIr call rust#Emit("llvm-ir", <q-args>)
                            
                            " See |:RustEmitAsm| for docs
    2              0.000004 command! -nargs=* -buffer RustEmitAsm call rust#Emit("asm", <q-args>)
                            
                            " See |:RustPlay| for docs
    2              0.000007 command! -range=% -buffer RustPlay :call rust#Play(<count>, <line1>, <line2>, <f-args>)
                            
                            " See |:RustFmt| for docs
    2              0.000003 command! -bar -buffer RustFmt call rustfmt#Format()
                            
                            " See |:RustFmtRange| for docs
    2              0.000005 command! -range -buffer RustFmtRange call rustfmt#FormatRange(<line1>, <line2>)
                            
                            " See |:RustInfo| for docs
    2              0.000003 command! -bar -buffer RustInfo call rust#debugging#Info()
                            
                            " See |:RustInfoToClipboard| for docs
    2              0.000004 command! -bar -buffer RustInfoToClipboard call rust#debugging#InfoToClipboard()
                            
                            " See |:RustInfoToFile| for docs
    2              0.000004 command! -bar -nargs=1 -buffer RustInfoToFile call rust#debugging#InfoToFile(<f-args>)
                            
                            " See |:RustTest| for docs
    2              0.000007 command! -buffer -nargs=* -count -bang RustTest call rust#Test(<q-mods>, <count>, <bang>0, <q-args>)
                            
    2              0.000006 if !exists("b:rust_last_rustc_args") || !exists("b:rust_last_args")
    2              0.000003     let b:rust_last_rustc_args = []
    2              0.000002     let b:rust_last_args = []
    2              0.000001 endif
                            
                            " Cleanup {{{1
                            
    2              0.000044 let b:undo_ftplugin = "
                                        \ compiler make |
                                        \ setlocal formatoptions< comments< commentstring< include< includeexpr< suffixesadd<
                                        \|if exists('b:rust_set_style')
                                            \|setlocal tabstop< shiftwidth< softtabstop< expandtab< textwidth<
                                            \|endif
                                            \|if exists('b:rust_original_delimitMate_excluded_regions')
                                                \|let b:delimitMate_excluded_regions = b:rust_original_delimitMate_excluded_regions
                                                \|unlet b:rust_original_delimitMate_excluded_regions
                                                \|else
                                                    \|unlet! b:delimitMate_excluded_regions
                                                    \|endif
                                                    \|if exists('b:rust_set_foldmethod')
                                                        \|setlocal foldmethod< foldlevel<
                                                        \|unlet b:rust_set_foldmethod
                                                        \|endif
                                                        \|if exists('b:rust_set_conceallevel')
                                                            \|setlocal conceallevel<
                                                            \|unlet b:rust_set_conceallevel
                                                            \|endif
                                                            \|unlet! b:rust_last_rustc_args b:rust_last_args
                                                            \|delcommand -buffer RustRun
                                                            \|delcommand -buffer RustExpand
                                                            \|delcommand -buffer RustEmitIr
                                                            \|delcommand -buffer RustEmitAsm
                                                            \|delcommand -buffer RustPlay
                                                            \|delcommand -buffer RustFmt
                                                            \|delcommand -buffer RustFmtRange
                                                            \|delcommand -buffer RustInfo
                                                            \|delcommand -buffer RustInfoToClipboard
                                                            \|delcommand -buffer RustInfoToFile
                                                            \|delcommand -buffer RustTest
                                                            \|silent! nunmap <buffer> [[
                                                            \|silent! nunmap <buffer> ]]
                                                            \|silent! xunmap <buffer> [[
                                                            \|silent! xunmap <buffer> ]]
                                                            \|silent! ounmap <buffer> [[
                                                            \|silent! ounmap <buffer> ]]
                                                            \|setlocal matchpairs-=<:>
                                                            \|unlet b:match_skip
                                                            \"
                            
                            " }}}1
                            
                            " Code formatting on save
    2              0.000005 augroup rust.vim.PreWrite
    2              0.000009     autocmd!
    2              0.000011     autocmd BufWritePre *.rs silent! call rustfmt#PreWrite()
    2              0.000001 augroup END
                            
    2              0.000007 setlocal matchpairs+=<:>
                            " For matchit.vim (rustArrow stops `Fn() -> X` messing things up)
    2              0.000004 let b:match_skip = 's:comment\|string\|rustCharacter\|rustArrow'
                            
    2              0.000004 command! -buffer -nargs=+ Cargo call cargo#cmd(<q-args>)
    2              0.000004 command! -buffer -nargs=* Cbuild call cargo#build(<q-args>)
    2              0.000003 command! -buffer -nargs=* Ccheck call cargo#check(<q-args>)
    2              0.000003 command! -buffer -nargs=* Cclean call cargo#clean(<q-args>)
    2              0.000003 command! -buffer -nargs=* Cdoc call cargo#doc(<q-args>)
    2              0.000003 command! -buffer -nargs=+ Cnew call cargo#new(<q-args>)
    2              0.000004 command! -buffer -nargs=* Cinit call cargo#init(<q-args>)
    2              0.000012 command! -buffer -nargs=* Crun call cargo#run(<q-args>)
    2              0.000003 command! -buffer -nargs=* Ctest call cargo#test(<q-args>)
    2              0.000003 command! -buffer -nargs=* Cbench call cargo#bench(<q-args>)
    2              0.000003 command! -buffer -nargs=* Cupdate call cargo#update(<q-args>)
    2              0.000003 command! -buffer -nargs=* Csearch  call cargo#search(<q-args>)
    2              0.000003 command! -buffer -nargs=* Cpublish call cargo#publish(<q-args>)
    2              0.000003 command! -buffer -nargs=* Cinstall call cargo#install(<q-args>)
    2              0.000004 command! -buffer -nargs=* Cruntarget call cargo#runtarget(<q-args>)
                            
    2              0.000020 let b:undo_ftplugin .= '
                                        \|delcommand -buffer Cargo
                                        \|delcommand -buffer Cbuild
                                        \|delcommand -buffer Ccheck
                                        \|delcommand -buffer Cclean
                                        \|delcommand -buffer Cdoc
                                        \|delcommand -buffer Cnew
                                        \|delcommand -buffer Cinit
                                        \|delcommand -buffer Crun
                                        \|delcommand -buffer Ctest
                                        \|delcommand -buffer Cbench
                                        \|delcommand -buffer Cupdate
                                        \|delcommand -buffer Csearch
                                        \|delcommand -buffer Cpublish
                                        \|delcommand -buffer Cinstall
                                        \|delcommand -buffer Cruntarget'
                            
                            " vint: -ProhibitAbbreviationOption
    2              0.000008 let &cpo = s:save_cpo
    2              0.000002 unlet s:save_cpo
                            " vint: +ProhibitAbbreviationOption
                            
                            " vim: set et sw=4 sts=4 ts=8:

SCRIPT  /nix/store/a96v7ma6k0fwzmrrqn1fqb8flyddakj4-neovim-unwrapped-0.12.3/share/nvim/runtime/compiler/cargo.vim
Sourced 2 times
Total time:   0.003635
 Self time:   0.003451

count  total (s)   self (s)
                            " Vim compiler file
                            " Compiler:         Cargo Compiler
                            " Maintainer:       Damien Radtke <damienradtke@gmail.com>
                            " Latest Revision:  2023-09-11
                            "                   2024 Apr 05 by The Vim Project (removed :CompilerSet definition)
                            " For bugs, patches and license go to https://github.com/rust-lang/rust.vim
                            
    2              0.000019 if exists('current_compiler')
                                finish
    2              0.000001 endif
    2   0.003447   0.003264 runtime compiler/rustc.vim
    2              0.000006 let current_compiler = "cargo"
                            
                            " vint: -ProhibitAbbreviationOption
    2              0.000003 let s:save_cpo = &cpo
    2              0.000006 set cpo&vim
                            " vint: +ProhibitAbbreviationOption
                            
    2              0.000005 if exists('g:cargo_makeprg_params')
                                execute 'CompilerSet makeprg=cargo\ '.escape(g:cargo_makeprg_params, ' \|"').'\ $*'
    2              0.000001 else
    2              0.000009     CompilerSet makeprg=cargo\ $*
    2              0.000001 endif
                            
    2              0.000010 augroup RustCargoQuickFixHooks
    2              0.000024     autocmd!
    2              0.000015     autocmd QuickFixCmdPre make call cargo#quickfix#CmdPre()
    2              0.000006     autocmd QuickFixCmdPost make call cargo#quickfix#CmdPost()
    2              0.000001 augroup END
                            
                            " Ignore general cargo progress messages
    2              0.000023 CompilerSet errorformat+=
                                        \%-G%\\s%#Downloading%.%#,
                                        \%-G%\\s%#Checking%.%#,
                                        \%-G%\\s%#Compiling%.%#,
                                        \%-G%\\s%#Finished%.%#,
                                        \%-G%\\s%#error:\ Could\ not\ compile\ %.%#,
                                        \%-G%\\s%#To\ learn\ more\\,%.%#,
                                        \%-G%\\s%#For\ more\ information\ about\ this\ error\\,%.%#,
                                        \%-Gnote:\ Run\ with\ \`RUST_BACKTRACE=%.%#,
                                        \%.%#panicked\ at\ \\'%m\\'\\,\ %f:%l:%c
                            
                            " vint: -ProhibitAbbreviationOption
    2              0.000007 let &cpo = s:save_cpo
    2              0.000002 unlet s:save_cpo
                            " vint: +ProhibitAbbreviationOption
                            
                            " vim: set et sw=4 sts=4 ts=8:

SCRIPT  /nix/store/a96v7ma6k0fwzmrrqn1fqb8flyddakj4-neovim-unwrapped-0.12.3/share/nvim/runtime/compiler/rustc.vim
Sourced 2 times
Total time:   0.000173
 Self time:   0.000173

count  total (s)   self (s)
                            " Vim compiler file
                            " Compiler:         Rust Compiler
                            " Maintainer:       Chris Morgan <me@chrismorgan.info>
                            " Latest Revision:  2023-09-11
                            " 2025 Nov 15 by Vim project: remove test for Vim patch 7.4.191
                            " 2025 Dec 18 by Vim project: detect more errors #18957
                            " For bugs, patches and license go to https://github.com/rust-lang/rust.vim
                            
    2              0.000013 if exists("current_compiler")
                                finish
    2              0.000001 endif
    2              0.000007 let current_compiler = "rustc"
                            
                            " vint: -ProhibitAbbreviationOption
    2              0.000007 let s:save_cpo = &cpo
    2              0.000015 set cpo&vim
                            " vint: +ProhibitAbbreviationOption
                            
    2              0.000008 if get(g:, 'rustc_makeprg_no_percent', 0)
                                CompilerSet makeprg=rustc
    2              0.000001 else
    2              0.000016     CompilerSet makeprg=rustc\ \%:S
    2              0.000001 endif
                            
                            " New errorformat (after nightly 2016/08/10)
    2              0.000033 CompilerSet errorformat=
                                        \%-G,
                                        \%-Gerror:\ aborting\ %.%#,
                                        \%-Gerror:\ Could\ not\ compile\ %.%#,
                                        \%Eerror:\ %m,
                                        \%Eerror[E%n]:\ %m,
                                        \%Wwarning:\ %m,
                                        \%Wwarning[E%n]:\ %m,
                                        \%Inote:\ %m,
                                        \%C\ %#-->\ %f:%l:%c,
                                        \%C\ %#╭▸\ %f:%l:%c,
                                        \%E\ \ left:%m,%C\ right:%m\ %f:%l:%c,%Z
                            
                            " Old errorformat (before nightly 2016/08/10)
    2              0.000016 CompilerSet errorformat+=
                                        \%f:%l:%c:\ %t%*[^:]:\ %m,
                                        \%f:%l:%c:\ %*\\d:%*\\d\ %t%*[^:]:\ %m,
                                        \%-G%f:%l\ %s,
                                        \%-G%*[\ ]^,
                                        \%-G%*[\ ]^%*[~],
                                        \%-G%*[\ ]...
                            
                            " vint: -ProhibitAbbreviationOption
    2              0.000008 let &cpo = s:save_cpo
    2              0.000004 unlet s:save_cpo
                            " vint: +ProhibitAbbreviationOption
                            
                            " vim: set et sw=4 sts=4 ts=8:

SCRIPT  /nix/store/a96v7ma6k0fwzmrrqn1fqb8flyddakj4-neovim-unwrapped-0.12.3/share/nvim/runtime/indent/rust.vim
Sourced 2 times
Total time:   0.000241
 Self time:   0.000241

count  total (s)   self (s)
                            " Vim indent file
                            " Language:         Rust
                            " Author:           Chris Morgan <me@chrismorgan.info>
                            " Last Change:      2023-09-11
                            " 2024 Jul 04 by Vim Project: use shiftwidth() instead of hard-coding shifted values #15138
                            " 2025 Dec 29 by Vim Project: clean up
                            " 2025 Dec 31 by Vim Project: correcly indent after nested array literal #19042
                            " 2026 Jan 28 by Vim Project: fix indentation when a string literal contains 'if' #19265
                            
                            " For bugs, patches and license go to https://github.com/rust-lang/rust.vim
                            " Note: upstream seems umaintained: https://github.com/rust-lang/rust.vim/issues/502
                            
                            " Only load this indent file when no other was loaded.
    2              0.000019 if exists("b:did_indent")
                                finish
    2              0.000001 endif
    2              0.000006 let b:did_indent = 1
                            
    2              0.000011 setlocal cindent
    2              0.000014 setlocal cinoptions=L0,(s,Ws,J1,j1,m1
    2              0.000005 setlocal cinkeys=0{,0},!^F,o,O,0[,0],0(,0)
                            " Don't think cinwords will actually do anything at all... never mind
    2              0.000007 setlocal cinwords=for,if,else,while,loop,impl,mod,unsafe,trait,struct,enum,fn,extern,macro
                            
                            " Some preliminary settings
    2              0.000012 setlocal nolisp		" Make sure lisp indenting doesn't supersede us
    2              0.000005 setlocal autoindent	" indentexpr isn't much help otherwise
                            " Also do indentkeys, otherwise # gets shoved to column 0 :-/
    2              0.000006 setlocal indentkeys=0{,0},!^F,o,O,0[,0],0(,0)
                            
    2              0.000006 setlocal indentexpr=GetRustIndent(v:lnum)
                            
    2              0.000005 let b:undo_indent = "setlocal cindent< cinoptions< cinkeys< cinwords< lisp< autoindent< indentkeys< indentexpr<"
                            
                            " Only define the function once.
    2              0.000005 if exists("*GetRustIndent")
    1              0.000001     finish
    1              0.000000 endif
                            
                            " vint: -ProhibitAbbreviationOption
    1              0.000002 let s:save_cpo = &cpo
    1              0.000003 set cpo&vim
                            " vint: +ProhibitAbbreviationOption
                            
                            " Come here when loading the script the first time.
                            
    1              0.000005 function! s:get_line_trimmed(lnum)
                                " Get the line and remove a trailing comment.
                                " Use syntax highlighting attributes when possible.
                                " NOTE: this is not accurate; /* */ or a line continuation could trick it
                                let line = getline(a:lnum)
                                let line_len = strlen(line)
                                if has('syntax_items')
                                    " If the last character in the line is a comment, do a binary search for
                                    " the start of the comment.  synID() is slow, a linear search would take
                                    " too long on a long line.
                                    if synIDattr(synID(a:lnum, line_len, 1), "name") =~? 'Comment\|Todo'
                                        let min = 1
                                        let max = line_len
                                        while min < max
                                            let col = (min + max) / 2
                                            if synIDattr(synID(a:lnum, col, 1), "name") =~? 'Comment\|Todo'
                                                let max = col
                                            else
                                                let min = col + 1
                                            endif
                                        endwhile
                                        let line = strpart(line, 0, min - 1)
                                    endif
                                    return substitute(line, "\s*$", "", "")
                                else
                                    " Sorry, this is not complete, nor fully correct (e.g. string "//").
                                    " Such is life.
                                    return substitute(line, "\s*//.*$", "", "")
                                endif
                            endfunction
                            
    1              0.000002 function! s:is_string_comment(lnum, col)
                                if has('syntax_items')
                                    for id in synstack(a:lnum, a:col)
                                        let synname = synIDattr(id, "name")
                                        if synname ==# "rustString" || synname =~# "^rustComment"
                                            return 1
                                        endif
                                    endfor
                                else
                                    " without syntax, let's not even try
                                    return 0
                                endif
                            endfunction
                            
    1              0.000001 function GetRustIndent(lnum)
                                " Starting assumption: cindent (called at the end) will do it right
                                " normally. We just want to fix up a few cases.
                            
                                let line = getline(a:lnum)
                            
                                if has('syntax_items')
                                    let synname = synIDattr(synID(a:lnum, 1, 1), "name")
                                    if synname ==# "rustString"
                                        " If the start of the line is in a string, don't change the indent
                                        return -1
                                    elseif synname =~? '\(Comment\|Todo\)'
                                                \ && line !~# '^\s*/\*'  " not /* opening line
                                        if synname =~? "CommentML" " multi-line
                                            if line !~# '^\s*\*' && getline(a:lnum - 1) =~# '^\s*/\*'
                                                " This is (hopefully) the line after a /*, and it has no
                                                " leader, so the correct indentation is that of the
                                                " previous line.
                                                return GetRustIndent(a:lnum - 1)
                                            endif
                                        endif
                                        " If it's in a comment, let cindent take care of it now. This is
                                        " for cases like "/*" where the next line should start " * ", not
                                        " "* " as the code below would otherwise cause for module scope
                                        " Fun fact: "  /*\n*\n*/" takes two calls to get right!
                                        return cindent(a:lnum)
                                    endif
                                endif
                            
                                " cindent gets second and subsequent match patterns/struct members wrong,
                                " as it treats the comma as indicating an unfinished statement::
                                "
                                " match a {
                                "     b => c,
                                "         d => e,
                                "         f => g,
                                " };
                            
                                " Search backwards for the previous non-empty line.
                                let prevlinenum = prevnonblank(a:lnum - 1)
                                let prevline = s:get_line_trimmed(prevlinenum)
                                while prevlinenum > 1 && prevline !~# '[^[:blank:]]'
                                    let prevlinenum = prevnonblank(prevlinenum - 1)
                                    let prevline = s:get_line_trimmed(prevlinenum)
                                endwhile
                            
                                " A standalone '{', '}', or 'where'
                                let l:standalone_open = line =~# '\V\^\s\*{\s\*\$'
                                let l:standalone_close = line =~# '\V\^\s\*}\s\*\$'
                                let l:standalone_where = line =~# '\V\^\s\*where\s\*\$'
                                if l:standalone_open || l:standalone_close || l:standalone_where
                                    let l:orig_line = line('.')
                                    let l:orig_col = col('.')
                                    let l:i = 0
                                    while 1
                                        " ToDo: we can search for more items than 'fn' and 'if'.
                                        let [l:found_line, l:col, l:submatch] =
                                                    \ searchpos('\<\(fn\|if\)\>', 'bWp')
                                        if l:found_line ==# 0 || !s:is_string_comment(l:found_line, l:col)
                                            break
                                        endif
                                        let l:i += 1
                                        " Limit to 10 iterations as a failsafe against endless looping.
                                        if l:i >= 10
                                            let l:found_line = 0
                                            break
                                        endif
                                    endwhile
                                    call cursor(l:orig_line, l:orig_col)
                                    if l:found_line !=# 0
                                        " Now we count the number of '{' and '}' in between the match
                                        " locations and the current line (there is probably a better
                                        " way to compute this).
                                        let l:i = l:found_line
                                        let l:search_line = strpart(getline(l:i), l:col - 1)
                                        let l:opens = 0
                                        let l:closes = 0
                                        while l:i < a:lnum
                                            let l:search_line2 = substitute(l:search_line, '\V{', '', 'g')
                                            let l:opens += strlen(l:search_line) - strlen(l:search_line2)
                                            let l:search_line3 = substitute(l:search_line2, '\V}', '', 'g')
                                            let l:closes += strlen(l:search_line2) - strlen(l:search_line3)
                                            let l:i += 1
                                            let l:search_line = getline(l:i)
                                        endwhile
                                        if l:standalone_open || l:standalone_where
                                            if l:opens ==# l:closes
                                                return indent(l:found_line)
                                            endif
                                        else
                                            " Expect to find just one more close than an open
                                            if l:opens ==# l:closes + 1
                                                return indent(l:found_line)
                                            endif
                                        endif
                                    endif
                                endif
                            
                                " A standalone 'where' adds a shift.
                                let l:standalone_prevline_where = prevline =~# '\V\^\s\*where\s\*\$'
                                if l:standalone_prevline_where
                                    return indent(prevlinenum) + shiftwidth()
                                endif
                            
                                " Handle where clauses nicely: subsequent values should line up nicely.
                                if prevline[len(prevline) - 1] ==# ","
                                            \ && prevline =~# '^\s*where\s'
                                    return indent(prevlinenum) + 6
                                endif
                            
                                let l:last_prevline_character = prevline[len(prevline) - 1]
                            
                                " A line that ends with '.<expr>;' is probably an end of a long list
                                " of method operations.
                                if prevline =~# '\V\^\s\*.' && l:last_prevline_character ==# ';'
                                    call cursor(a:lnum - 1, 1)
                                    let l:scope_start = searchpair('{\|(', '', '}\|)', 'nbW',
                                                \ 's:is_string_comment(line("."), col("."))')
                                    if l:scope_start != 0 && l:scope_start < a:lnum
                                        return indent(l:scope_start) + shiftwidth()
                                    endif
                                endif
                            
                                " Prevent cindent from becoming confused when pairing square brackets, as
                                " in
                                "
                                " let arr = [[u8; 4]; 2] = [
                                "     [0; 4],
                                "     [1, 3, 5, 9],
                                " ];
                                "     | ← indentation placed here
                                "
                                " for which it calculates too much indentation in the line following the
                                " close of the array.
                                if prevline =~# '^\s*\]' && l:last_prevline_character ==# ';'
                                            \ && line !~# '^\s*}'
                                    return indent(prevlinenum)
                                endif
                            
                                if l:last_prevline_character ==# ","
                                            \ && s:get_line_trimmed(a:lnum) !~# '^\s*[\[\]{})]'
                                            \ && prevline !~# '^\s*fn\s'
                                            \ && prevline !~# '([^()]\+,$'
                                            \ && s:get_line_trimmed(a:lnum) !~# '^\s*\S\+\s*=>'
                                    " Oh ho! The previous line ended in a comma! I bet cindent will try to
                                    " take this too far... For now, let's normally use the previous line's
                                    " indent.
                            
                                    " One case where this doesn't work out is where *this* line contains
                                    " square or curly brackets; then we normally *do* want to be indenting
                                    " further.
                                    "
                                    " Another case where we don't want to is one like a function
                                    " definition with arguments spread over multiple lines:
                                    "
                                    " fn foo(baz: Baz,
                                    "        baz: Baz) // <-- cindent gets this right by itself
                                    "
                                    " Another case is similar to the previous, except calling a function
                                    " instead of defining it, or any conditional expression that leaves
                                    " an open paren:
                                    "
                                    " foo(baz,
                                    "     baz);
                                    "
                                    " if baz && (foo ||
                                    "            bar) {
                                    "
                                    " Another case is when the current line is a new match arm.
                                    "
                                    " There are probably other cases where we don't want to do this as
                                    " well. Add them as needed.
                                    return indent(prevlinenum)
                                endif
                            
                                " Fall back on cindent, which does it mostly right
                                return cindent(a:lnum)
                            endfunction
                            
                            " vint: -ProhibitAbbreviationOption
    1              0.000004 let &cpo = s:save_cpo
    1              0.000002 unlet s:save_cpo
                            " vint: +ProhibitAbbreviationOption
                            
                            " vim: set et sw=4 sts=4 ts=8:

SCRIPT  /home/joao/.local/share/nvim/lazy/rainbow-delimiters.nvim/plugin/rainbow-delimiters.lua
Sourced 1 time
Total time:   0.000155
 Self time:   0.000155

count  total (s)   self (s)
                            -- SPDX-License-Identifier: Apache-2.0
                            
                            --  Copyright 2023 Alejandro "HiPhish" Sanchez
                            --  Copyright 2020-2022 Chinmay Dalal
                            --
                            --  Licensed under the Apache License, Version 2.0 (the "License");
                            --  you may not use this file except in compliance with the License.
                            --  You may obtain a copy of the License at
                            --
                            --      http://www.apache.org/licenses/LICENSE-2.0
                            --
                            --  Unless required by applicable law or agreed to in writing, software
                            --  distributed under the License is distributed on an "AS IS" BASIS,
                            --  WITHOUT WARRANTIES OR CONDITIONS OF ANY KIND, either express or implied.
                            --  See the License for the specific language governing permissions and
                            --  limitations under the License.
                            
                            if vim.g.loaded_rainbow_delimiters then
                            	return
                            end
                            
                            local api = vim.api
                            local set_hl         = api.nvim_set_hl
                            local create_augroup = api.nvim_create_augroup
                            local create_autocmd = api.nvim_create_autocmd
                            local get_lang   = vim.treesitter.language.get_lang
                            
                            
                            --- [ DEFINE HIGHLIGHT GROUPS ]------------------------------------------------
                            local function define_hlgroups()
                            	set_hl(0, 'RainbowDelimiterRed'   , {default = true, fg = '#cc241d', ctermfg= 'Red'    })
                            	set_hl(0, 'RainbowDelimiterOrange', {default = true, fg = '#d65d0e', ctermfg= 'White'  })
                            	set_hl(0, 'RainbowDelimiterYellow', {default = true, fg = '#d79921', ctermfg= 'Yellow' })
                            	set_hl(0, 'RainbowDelimiterGreen' , {default = true, fg = '#689d6a', ctermfg= 'Green'  })
                            	set_hl(0, 'RainbowDelimiterCyan'  , {default = true, fg = '#a89984', ctermfg= 'Cyan'   })
                            	set_hl(0, 'RainbowDelimiterBlue'  , {default = true, fg = '#458588', ctermfg= 'Blue'   })
                            	set_hl(0, 'RainbowDelimiterViolet', {default = true, fg = '#b16286', ctermfg= 'Magenta'})
                            end
                            
                            define_hlgroups()
                            
                            
                            --- [ SET UP AUTOCOMMANDS ]----------------------------------------------------
                            local hl_augroup = create_augroup('TSRainbowHighlight', {})
                            local rb_augroup = create_augroup('TSRainbowDelimits', {})
                            
                            create_autocmd('ColorScheme', {
                            	desc = 'Re-apply highlight group definitions when the colour scheme changes',
                            	group = hl_augroup,
                            	callback = define_hlgroups
                            })
                            
                            create_autocmd('FileType', {
                            	desc = 'Attach to a new buffer',
                            	group = rb_augroup,
                            	callback = function(args)
                            		local config = require 'rainbow-delimiters.config'
                            		local lib    = require 'rainbow-delimiters.lib'
                            
                            		local lang = get_lang(args.match)
                            		local bufnr = args.buf
                            		if not config.enabled_for(lang) then return end
                            		if not config.enabled_when(bufnr) then return end
                            
                            		lib.attach(bufnr)
                            	end,
                            })
                            
                            create_autocmd('BufUnload', {
                            	desc = 'Detach from the current buffer',
                            	group = rb_augroup,
                            	callback = function(args)
                            		local lib = require 'rainbow-delimiters.lib'
                            		lib.detach(args.buf)
                            	end
                            })
                            
                            vim.g.loaded_rainbow_delimiters = true
                            
                            -- vim:tw=79:ts=4:sw=4:noet:

SCRIPT  /nix/store/a96v7ma6k0fwzmrrqn1fqb8flyddakj4-neovim-unwrapped-0.12.3/share/nvim/runtime/compiler/make.vim
Sourced 1 time
Total time:   0.000053
 Self time:   0.000053

count  total (s)   self (s)
                            " Vim compiler plugin
                            "
                            " Maintainer:	The Vim Project <https://github.com/vim/vim>
                            " Last Change:	2024 Sep 10
                            " Original Author: Konfekt
                            "
                            " This compiler plugin is used to reset previously set compiler options.
                            
    1              0.000011 if exists("g:current_compiler") | unlet g:current_compiler | endif
    1              0.000003 if exists("b:current_compiler") | unlet b:current_compiler | endif
                            
    1              0.000013 CompilerSet makeprg&
    1              0.000008 CompilerSet errorformat&

FUNCTION  <SNR>1_LoadFTPlugin()
    Defined: /nix/store/a96v7ma6k0fwzmrrqn1fqb8flyddakj4-neovim-unwrapped-0.12.3/share/nvim/runtime/ftplugin.vim:15
Called 3 times
Total time:   0.133025
 Self time:   0.077389

count  total (s)   self (s)
    3              0.000024     if exists("b:undo_ftplugin")
    1   0.005332   0.005258       exe b:undo_ftplugin
    1              0.000001       unlet! b:undo_ftplugin b:did_ftplugin
    3              0.000002     endif
                            
    3              0.000016     let s = expand("<amatch>")
    3              0.000005     if s != ""
    3              0.000018       if &cpo =~# "S" && exists("b:did_ftplugin")
                            	" In compatible mode options are reset to the global values, need to
                            	" set the local values also when a plugin was already used.
                            	unlet b:did_ftplugin
    3              0.000001       endif
                            
                                  " When there is a dot it is used to separate filetype names.  Thus for
                                  " "aaa.bbb" load "aaa" and then "bbb".
    6              0.000022       for name in split(s, '\.')
                                    " Load Lua ftplugins after Vim ftplugins _per directory_
                                    " TODO(clason): use nvim__get_runtime when supports globs and modeline
                                    " XXX: "[.]" in the first pattern makes it a wildcard on Windows
    3   0.127541   0.071979         exe $'runtime! ftplugin/{name}[.]{{vim,lua}} ftplugin/{name}_*.{{vim,lua}} ftplugin/{name}/*.{{vim,lua}}'
    6              0.000016       endfor
    3              0.000002     endif

FUNCTION  <SNR>11_Remove_Matches()
    Defined: /nix/store/a96v7ma6k0fwzmrrqn1fqb8flyddakj4-neovim-unwrapped-0.12.3/share/nvim/runtime/plugin/matchparen.vim:203
Called 9 times
Total time:   0.000140
 Self time:   0.000140

count  total (s)   self (s)
    9              0.000039   if exists('w:paren_hl_on') && w:paren_hl_on
                                while !empty(w:matchparen_ids)
                                  silent! call remove(w:matchparen_ids, 0)->matchdelete()
                                endwhile
                                let w:paren_hl_on = 0
    9              0.000006   endif

FUNCTION  <SNR>23_SynSet()
    Defined: /nix/store/a96v7ma6k0fwzmrrqn1fqb8flyddakj4-neovim-unwrapped-0.12.3/share/nvim/runtime/syntax/synload.vim:27
Called 3 times
Total time:   0.024424
 Self time:   0.024424

count  total (s)   self (s)
                              " clear syntax for :set syntax=OFF  and any syntax name that doesn't exist
    3              0.000012   syn clear
    3              0.000023   if exists("b:current_syntax")
                                unlet b:current_syntax
    3              0.000014   endif
                            
    3              0.000016   0verbose let s = expand("<amatch>")
    3              0.000005   if s == "ON"
                                " :set syntax=ON
                                if &filetype == ""
                                  echohl ErrorMsg
                                  echo "filetype unknown"
                                  echohl None
                                endif
                                let s = &filetype
    3              0.000003   elseif s == "OFF"
                                let s = ""
    3              0.000001   endif
                            
    3              0.000002   if s != ""
                                " Load the syntax file(s).  When there are several, separated by dots,
                                " load each in sequence.  Skip empty entries.
    2              0.000008     for name in split(s, '\.')
    1              0.000002       if !empty(name)
                                    " XXX: "[.]" in the first pattern makes it a wildcard on Windows
    1              0.024265         exe $'runtime! syntax/{name}[.]{{vim,lua}} syntax/{name}/*.{{vim,lua}}'
    1              0.000005       endif
    2              0.000009     endfor
    3              0.000002   endif

FUNCTION  <SNR>2_LoadIndent()
    Defined: /nix/store/a96v7ma6k0fwzmrrqn1fqb8flyddakj4-neovim-unwrapped-0.12.3/share/nvim/runtime/indent.vim:14
Called 3 times
Total time:   0.019243
 Self time:   0.018991

count  total (s)   self (s)
    3              0.000013     if exists("b:undo_indent")
    1              0.000020       exe b:undo_indent
    1              0.000002       unlet! b:undo_indent b:did_indent
    3              0.000001     endif
    3              0.000011     let s = expand("<amatch>")
    3              0.000005     if s != ""
    3              0.000004       if exists("b:did_indent")
                            	unlet b:did_indent
    3              0.000001       endif
                            
                                  " When there is a dot it is used to separate filetype names.  Thus for
                                  " "aaa.bbb" load "indent/aaa.vim" and then "indent/bbb.vim".
    6              0.000033       for name in split(s, '\.')
                                    " XXX: "[.]" in the pattern makes it a wildcard on Windows
    3   0.019112   0.018860         exe $'runtime! indent/{name}[.]{{vim,lua}}'
    6              0.000009       endfor
    3              0.000002     endif

FUNCTION  <SNR>11_Highlight_Matching_Pair()
    Defined: /nix/store/a96v7ma6k0fwzmrrqn1fqb8flyddakj4-neovim-unwrapped-0.12.3/share/nvim/runtime/plugin/matchparen.vim:45
Called 6 times
Total time:   0.000690
 Self time:   0.000599

count  total (s)   self (s)
    6              0.000055   if !exists("w:matchparen_ids")
    1              0.000006     let w:matchparen_ids = []
    6              0.000006   endif
                              " Remove any previous match.
    6   0.000138   0.000047   call s:Remove_Matches()
                            
                              " Avoid that we remove the popup menu.
                              " Return when there are no colors (looks like the cursor jumps).
    6              0.000032   if pumvisible() || (&t_Co < 8 && !has("gui_running"))
                                return
    6              0.000003   endif
                            
                              " Get the character under the cursor and check if it's in 'matchpairs'.
    6              0.000021   let c_lnum = line('.')
    6              0.000015   let c_col = col('.')
    6              0.000007   let before = 0
                            
    6              0.000019   let text = getline(c_lnum)
    6              0.000039   let c_before = text->strpart(0, c_col - 1)->slice(-1)
    6              0.000038   let c = text->strpart(c_col - 1)->slice(0, 1)
    6              0.000132   let plist = split(&matchpairs, '.\zs[:,]')
    6              0.000022   let i = index(plist, c)
    6              0.000008   if i < 0
                                " not found, in Insert mode try character before the cursor
    6              0.000023     if c_col > 1 && (mode() == 'i' || mode() == 'R')
                                  let before = strlen(c_before)
                                  let c = c_before
                                  let i = index(plist, c)
    6              0.000004     endif
    6              0.000006     if i < 0
                                  " not found, nothing to do
    6              0.000007       return
                                endif
                              endif
                            
                              " Figure out the arguments for searchpairpos().
                              if i % 2 == 0
                                let s_flags = 'nW'
                                let c2 = plist[i + 1]
                              else
                                let s_flags = 'nbW'
                                let c2 = c
                                let c = plist[i - 1]
                              endif
                              if c == '['
                                let c = '\['
                                let c2 = '\]'
                              endif
                            
                              " Find the match.  When it was just before the cursor move it there for a
                              " moment.
                              if before > 0
                                let save_cursor = getcurpos()
                                call cursor(c_lnum, c_col - before)
                                defer setpos('.', save_cursor)
                              endif
                            
                              if !has("syntax") || !exists("g:syntax_on")
                                let s_skip = "0"
                              elseif exists("b:ts_highlight") && &syntax != 'on'
                                let s_skip = "match(v:lua.vim.treesitter.get_captures_at_cursor(), '" .. 'string\|character\|singlequote\|escape\|symbol\|comment' .. "') != -1"
                              else
                                " do not attempt to match when the syntax item where the cursor is
                                " indicates there does not exist a matching parenthesis, e.g. for shells
                                " case statement: "case $var in foobar)"
                                "
                                " add the check behind a filetype check, so it only needs to be
                                " evaluated for certain filetypes
                                if ['sh']->index(&filetype) >= 0 && synstack(".", col("."))->indexof({_, id -> synIDattr(id, "name") =~? "shSnglCase"}) >= 0
                                  return
                                endif
                                " Build an expression that detects whether the current cursor position is
                                " in certain syntax types (string, comment, etc.), for use as
                                " searchpairpos()'s skip argument.
                                " We match "escape" for special items, such as lispEscapeSpecial, and
                                " match "symbol" for lispBarSymbol.
                                let s_skip = 'synstack(".", col("."))' . '->indexof({_, id -> synIDattr(id, "name") =~? ' . '"string\\|character\\|singlequote\\|escape\\|symbol\\|comment"}) >= 0'
                                " If executing the expression determines that the cursor is currently in
                                " one of the syntax types, then we want searchpairpos() to find the pair
                                " within those syntax types (i.e., not skip).  Otherwise, the cursor is
                                " outside of the syntax types and s_skip should keep its value so we skip
                                " any matching pair inside the syntax types.
                                " Catch if this throws E363: pattern uses more memory than 'maxmempattern'.
                                try
                                  execute 'if ' . s_skip . ' | let s_skip = "0" | endif'
                                catch /^Vim\%((\a\+)\)\=:E363/
                                  " We won't find anything, so skip searching, should keep Vim responsive.
                                  return
                                endtry
                              endif
                            
                              " Limit the search to lines visible in the window.
                              let stoplinebottom = line('w$')
                              let stoplinetop = line('w0')
                              if i % 2 == 0
                                let stopline = stoplinebottom
                              else
                                let stopline = stoplinetop
                              endif
                            
                              " Limit the search time to 300 msec to avoid a hang on very long lines.
                              " This fails when a timeout is not supported.
                              if mode() == 'i' || mode() == 'R'
                                let timeout = exists("b:matchparen_insert_timeout") ? b:matchparen_insert_timeout : g:matchparen_insert_timeout
                              else
                                let timeout = exists("b:matchparen_timeout") ? b:matchparen_timeout : g:matchparen_timeout
                              endif
                              try
                                let [m_lnum, m_col] = searchpairpos(c, '', c2, s_flags, s_skip, stopline, timeout)
                              catch /E118/
                                " Can't use the timeout, restrict the stopline a bit more to avoid taking
                                " a long time on closed folds and long lines.
                                " The "viewable" variables give a range in which we can scroll while
                                " keeping the cursor at the same position.
                                " adjustedScrolloff accounts for very large numbers of scrolloff.
                                let adjustedScrolloff = min([&scrolloff, (line('w$') - line('w0')) / 2])
                                let bottom_viewable = min([line('$'), c_lnum + &lines - adjustedScrolloff - 2])
                                let top_viewable = max([1, c_lnum-&lines+adjustedScrolloff + 2])
                                " one of these stoplines will be adjusted below, but the current values are
                                " minimal boundaries within the current window
                                if i % 2 == 0
                                  if has("byte_offset") && has("syntax_items") && &smc > 0
                            	let stopbyte = min([line2byte("$"), line2byte(".") + col(".") + &smc * 2])
                            	let stopline = min([bottom_viewable, byte2line(stopbyte)])
                                  else
                            	let stopline = min([bottom_viewable, c_lnum + 100])
                                  endif
                                  let stoplinebottom = stopline
                                else
                                  if has("byte_offset") && has("syntax_items") && &smc > 0
                            	let stopbyte = max([1, line2byte(".") + col(".") - &smc * 2])
                            	let stopline = max([top_viewable, byte2line(stopbyte)])
                                  else
                            	let stopline = max([top_viewable, c_lnum - 100])
                                  endif
                                  let stoplinetop = stopline
                                endif
                                let [m_lnum, m_col] = searchpairpos(c, '', c2, s_flags, s_skip, stopline)
                              endtry
                            
                              " If a match is found setup match highlighting.
                              if m_lnum > 0 && m_lnum >= stoplinetop && m_lnum <= stoplinebottom
                                if !g:matchparen_disable_cursor_hl
                                  call add(w:matchparen_ids, matchaddpos('MatchParen', [[c_lnum, c_col - before], [m_lnum, m_col]], 10))
                                else
                                  call add(w:matchparen_ids, matchaddpos('MatchParen', [[m_lnum, m_col]], 10))
                                endif
                                let w:paren_hl_on = 1
                              endif

FUNCTIONS SORTED ON TOTAL TIME
count  total (s)   self (s)  function
    3   0.133025   0.077389  <SNR>1_LoadFTPlugin()
    3   0.024424             <SNR>23_SynSet()
    3   0.019243   0.018991  <SNR>2_LoadIndent()
    6   0.000690   0.000599  <SNR>11_Highlight_Matching_Pair()
    9   0.000140             <SNR>11_Remove_Matches()

FUNCTIONS SORTED ON SELF TIME
count  total (s)   self (s)  function
    3   0.133025   0.077389  <SNR>1_LoadFTPlugin()
    3              0.024424  <SNR>23_SynSet()
    3   0.019243   0.018991  <SNR>2_LoadIndent()
    6   0.000690   0.000599  <SNR>11_Highlight_Matching_Pair()
    9              0.000140  <SNR>11_Remove_Matches()

